[debug] [2024-07-07T12:23:40.452Z] ----------------------------------------------------------------------
[debug] [2024-07-07T12:23:40.459Z] Command:       C:\Program Files\nodejs\node.exe C:\Users\HP\AppData\Roaming\npm\node_modules\firebase-tools\lib\bin\firebase.js init
[debug] [2024-07-07T12:23:40.460Z] CLI Version:   13.13.0
[debug] [2024-07-07T12:23:40.460Z] Platform:      win32
[debug] [2024-07-07T12:23:40.460Z] Node Version:  v20.11.1
[debug] [2024-07-07T12:23:40.461Z] Time:          Sun Jul 07 2024 17:23:40 GMT+0500 (Pakistan Standard Time)
[debug] [2024-07-07T12:23:40.461Z] ----------------------------------------------------------------------
[debug] 
[debug] [2024-07-07T12:23:40.474Z] > command requires scopes: ["email","openid","https://www.googleapis.com/auth/cloudplatformprojects.readonly","https://www.googleapis.com/auth/firebase","https://www.googleapis.com/auth/cloud-platform"]
[debug] [2024-07-07T12:23:40.474Z] > authorizing via signed-in user (alizayaseen110@gmail.com)
[info] 
     ######## #### ########  ######## ########     ###     ######  ########
     ##        ##  ##     ## ##       ##     ##  ##   ##  ##       ##
     ######    ##  ########  ######   ########  #########  ######  ######
     ##        ##  ##    ##  ##       ##     ## ##     ##       ## ##
     ##       #### ##     ## ######## ########  ##     ##  ######  ########

You're about to initialize a Firebase project in this directory:

  C:\Users\HP\OneDrive\Desktop\AY_portfolio

[info] 
=== Project Setup
[info] 
[info] First, let's associate this project directory with a Firebase project.
[info] You can create multiple project aliases by running firebase use --add, 
[info] but for now we'll just set up a default project.
[info] 
[debug] [2024-07-07T12:23:52.972Z] > refreshing access token with scopes: []
[debug] [2024-07-07T12:23:52.975Z] >>> [apiv2][query] POST https://www.googleapis.com/oauth2/v3/token [none]
[debug] [2024-07-07T12:23:52.975Z] >>> [apiv2][body] POST https://www.googleapis.com/oauth2/v3/token [omitted]
[debug] [2024-07-07T12:23:53.753Z] <<< [apiv2][status] POST https://www.googleapis.com/oauth2/v3/token 200
[debug] [2024-07-07T12:23:53.754Z] <<< [apiv2][body] POST https://www.googleapis.com/oauth2/v3/token [omitted]
[debug] [2024-07-07T12:23:53.771Z] >>> [apiv2][query] GET https://firebase.googleapis.com/v1beta1/projects pageSize=100
[debug] [2024-07-07T12:23:55.210Z] <<< [apiv2][status] GET https://firebase.googleapis.com/v1beta1/projects 200
[debug] [2024-07-07T12:23:55.210Z] <<< [apiv2][body] GET https://firebase.googleapis.com/v1beta1/projects [omitted]
